2014-01-05 11:53:13,402 - root.__main__ - main - INFO - STARTING: Collection range from: 2014-01-05 10:53:13 to: 2014-01-05 11:53:13
2014-01-05 11:53:13,769 - root.__main__ - main - INFO - Trying post id query for Name: jeff koinange , url: jeff.m.koinange
2014-01-05 11:53:13,770 - root.CollectorApp.fb_query - do_id_query - INFO - doing field feed
2014-01-05 11:53:14,990 - root.__main__ - main - ERROR - Failure for id query Name: jeff koinange , url: jeff.m.koinange, row 0
2014-01-05 11:53:14,991 - root.__main__ - main - INFO - Trying post id query for Name: The standard media group , url: standardkenya
2014-01-05 11:53:14,991 - root.CollectorApp.fb_query - do_id_query - INFO - doing field feed
2014-01-05 11:53:22,372 - root.CollectorApp.fb_query - do_id_query - INFO - doing field posts
2014-01-05 11:53:30,158 - root.__main__ - main - INFO - Success for id query Name: The standard media group , url: standardkenya, row 1
2014-01-05 11:53:31,282 - root.CollectorApp.fb_query - do_comments_query - INFO - Retrieved 6 comments for post 88201339429_10152140575774430
2014-01-05 11:53:32,356 - root.CollectorApp.fb_query - do_comments_query - INFO - Retrieved 3 comments for post 88201339429_10152140589004430
2014-01-05 11:53:32,360 - root.__main__ - main - INFO - Sucess for comment read for page_name The standard media group row 1
2014-01-05 11:53:32,362 - root.__main__ - main - INFO - converted to records
2014-01-05 11:53:32,550 - root.__main__ - main - INFO - Success adding records for standardkenya
2014-01-05 11:53:32,551 - root.__main__ - main - INFO - Trying post id query for Name: The wazi campaign , url: TheWaziCampaign
2014-01-05 11:53:32,551 - root.CollectorApp.fb_query - do_id_query - INFO - doing field feed
2014-01-05 11:53:33,548 - root.__main__ - main - ERROR - Failure for id query Name: The wazi campaign , url: TheWaziCampaign, row 2
2014-01-05 11:53:33,550 - root.__main__ - main - INFO - Trying post id query for Name: concil of governors  , url: CouncilofGovernors
2014-01-05 11:53:33,550 - root.CollectorApp.fb_query - do_id_query - INFO - doing field feed
2014-01-05 11:53:34,510 - root.__main__ - main - ERROR - Failure for id query Name: concil of governors  , url: CouncilofGovernors, row 3
2014-01-05 11:53:34,511 - root.__main__ - main - INFO - Trying post id query for Name: Icc must leave uhuru kenyatta and william ruto alone , url: 356377367804085
2014-01-05 11:53:34,512 - root.CollectorApp.fb_query - do_id_query - INFO - doing field feed
2014-01-05 11:53:36,194 - root.__main__ - main - ERROR - Failure for id query Name: Icc must leave uhuru kenyatta and william ruto alone , url: 356377367804085, row 4
2014-01-05 11:53:36,196 - root.__main__ - main - INFO - Trying post id query for Name: Icc trial monitor , url: 430439110325598
2014-01-05 11:53:36,196 - root.CollectorApp.fb_query - do_id_query - INFO - doing field feed
2014-01-05 11:53:37,128 - root.__main__ - main - ERROR - Failure for id query Name: Icc trial monitor , url: 430439110325598, row 5
2014-01-05 11:53:37,129 - root.__main__ - main - INFO - Trying post id query for Name: Bunyore Discussion Board , url: bunyore.board
2014-01-05 11:53:37,129 - root.CollectorApp.fb_query - do_id_query - INFO - doing field feed
2014-01-05 11:53:38,238 - root.__main__ - main - ERROR - Failure for id query Name: Bunyore Discussion Board , url: bunyore.board, row 6
2014-01-05 11:53:38,240 - root.__main__ - main - INFO - Trying post id query for Name: kenya county updates and Developments , url: 466239656780047
2014-01-05 11:53:38,240 - root.CollectorApp.fb_query - do_id_query - INFO - doing field feed
2014-01-05 11:53:39,265 - root.__main__ - main - ERROR - Failure for id query Name: kenya county updates and Developments , url: 466239656780047, row 7
2014-01-05 11:53:39,266 - root.__main__ - main - INFO - Trying post id query for Name: kiambu county government , url: 369180626526897
2014-01-05 11:53:39,266 - root.CollectorApp.fb_query - do_id_query - INFO - doing field feed
2014-01-05 11:53:40,283 - root.__main__ - main - ERROR - Failure for id query Name: kiambu county government , url: 369180626526897, row 8
2014-01-05 11:53:40,284 - root.__main__ - main - INFO - Trying post id query for Name: Bensouda drop uhuru/ruto cases they are fabricated , url: BensoudaDropUhururutoIccCasesTheyAreFabricated
2014-01-05 11:53:40,284 - root.CollectorApp.fb_query - do_id_query - INFO - doing field feed
2014-01-05 11:53:41,335 - root.__main__ - main - ERROR - Failure for id query Name: Bensouda drop uhuru/ruto cases they are fabricated , url: BensoudaDropUhururutoIccCasesTheyAreFabricated, row 9
2014-01-05 11:53:41,335 - root.__main__ - main - INFO - Trying post id query for Name: citizen news , url: 195670785802
2014-01-05 11:53:41,336 - root.CollectorApp.fb_query - do_id_query - INFO - doing field feed
2014-01-05 11:53:44,232 - root.__main__ - main - ERROR - Failure for id query Name: citizen news , url: 195670785802, row 10
2014-01-05 11:53:44,232 - root.__main__ - main - INFO - Trying post id query for Name: k24 tv , url: K24TVNews
2014-01-05 11:53:44,232 - root.CollectorApp.fb_query - do_id_query - INFO - doing field feed
2014-01-05 11:53:45,544 - root.__main__ - main - ERROR - Failure for id query Name: k24 tv , url: K24TVNews, row 11
2014-01-05 11:53:45,545 - root.__main__ - main - INFO - Trying post id query for Name: luhyas against being bought by the kenyatta money , url: 487760644613563
2014-01-05 11:53:45,545 - root.CollectorApp.fb_query - do_id_query - INFO - doing field feed
2014-01-05 11:53:46,488 - root.CollectorApp.fb_query - do_id_query - INFO - doing field posts
2014-01-05 11:53:47,493 - root.__main__ - main - INFO - Success for id query Name: luhyas against being bought by the kenyatta money , url: 487760644613563, row 12
2014-01-05 11:53:47,493 - root.CollectorApp.fb_query - do_comments_query - INFO - no ids
2014-01-05 11:53:47,494 - root.__main__ - main - INFO - Sucess for comment read for page_name luhyas against being bought by the kenyatta money row 12
2014-01-05 11:53:47,494 - root.__main__ - main - INFO - converted to records
2014-01-05 11:53:47,495 - root.__main__ - main - INFO - Success adding records for 487760644613563
2014-01-05 11:53:47,495 - root.__main__ - main - INFO - Trying post id query for Name: Powerbreakfastshow , url: 117941667695
2014-01-05 11:53:47,495 - root.CollectorApp.fb_query - do_id_query - INFO - doing field feed
2014-01-05 11:53:48,445 - root.__main__ - main - ERROR - Failure for id query Name: Powerbreakfastshow , url: 117941667695, row 13
2014-01-05 11:53:48,446 - root.__main__ - main - INFO - Trying post id query for Name: the east african , url: TheEastAfrican
2014-01-05 11:53:48,446 - root.CollectorApp.fb_query - do_id_query - INFO - doing field feed
2014-01-05 11:53:49,376 - root.__main__ - main - ERROR - Failure for id query Name: the east african , url: TheEastAfrican, row 14
2014-01-05 11:53:49,376 - root.__main__ - main - INFO - Trying post id query for Name: university of nairobi , url: lists/104435146379281
2014-01-05 11:53:49,376 - root.CollectorApp.fb_query - do_id_query - INFO - doing field feed
2014-01-05 11:53:50,285 - root.CollectorApp.fb_query - do_id_query - INFO - doing field posts
2014-01-05 11:53:51,206 - root.__main__ - main - INFO - Success for id query Name: university of nairobi , url: lists/104435146379281, row 15
2014-01-05 11:53:51,206 - root.CollectorApp.fb_query - do_comments_query - INFO - no ids
2014-01-05 11:53:51,206 - root.__main__ - main - INFO - Sucess for comment read for page_name university of nairobi row 15
2014-01-05 11:53:51,207 - root.__main__ - main - INFO - converted to records
2014-01-05 11:53:51,207 - root.__main__ - main - INFO - Success adding records for lists/104435146379281
2014-01-05 11:53:51,207 - root.__main__ - main - INFO - Trying post id query for Name: Bogonko Bosire , url: bogonko.bosire
2014-01-05 11:53:51,207 - root.CollectorApp.fb_query - do_id_query - INFO - doing field feed
2014-01-05 11:53:53,199 - root.__main__ - main - ERROR - Failure for id query Name: Bogonko Bosire , url: bogonko.bosire, row 16
2014-01-05 11:53:53,199 - root.__main__ - main - INFO - Trying post id query for Name: Koigi Wa wamwere  , url: koigi.wawamwere
2014-01-05 11:53:53,199 - root.CollectorApp.fb_query - do_id_query - INFO - doing field feed
2014-01-05 11:53:54,269 - root.__main__ - main - ERROR - Failure for id query Name: Koigi Wa wamwere  , url: koigi.wawamwere, row 17
2014-01-05 11:53:54,270 - root.__main__ - main - INFO - Trying post id query for Name: Okiya Omutata Okoiti , url: Mankokopelli
2014-01-05 11:53:54,270 - root.CollectorApp.fb_query - do_id_query - INFO - doing field feed
2014-01-05 11:53:55,329 - root.__main__ - main - ERROR - Failure for id query Name: Okiya Omutata Okoiti , url: Mankokopelli, row 18
2014-01-05 11:53:55,331 - root.__main__ - main - INFO - Trying post id query for Name: Yvonne Khamati , url: yvonne.khamatikilonzo
2014-01-05 11:53:55,331 - root.CollectorApp.fb_query - do_id_query - INFO - doing field feed
2014-01-05 11:53:56,365 - root.__main__ - main - ERROR - Failure for id query Name: Yvonne Khamati , url: yvonne.khamatikilonzo, row 19
2014-01-05 11:53:56,366 - root.__main__ - main - INFO - Trying post id query for Name: makau mutua , url: 210527812318268
2014-01-05 11:53:56,366 - root.CollectorApp.fb_query - do_id_query - INFO - doing field feed
2014-01-05 11:53:58,270 - root.__main__ - main - ERROR - Failure for id query Name: makau mutua , url: 210527812318268, row 20
2014-01-05 11:53:58,272 - root.__main__ - main - INFO - Trying post id query for Name: 10 million kenyans to support uhuru kenyatta for presidency. , url: kenyans.uhuru
2014-01-05 11:53:58,272 - root.CollectorApp.fb_query - do_id_query - INFO - doing field feed
2014-01-05 11:53:59,554 - root.__main__ - main - ERROR - Failure for id query Name: 10 million kenyans to support uhuru kenyatta for presidency. , url: kenyans.uhuru, row 21
2014-01-05 11:53:59,555 - root.__main__ - main - INFO - Trying post id query for Name: Antony Oyugi , url: oyugit
2014-01-05 11:53:59,555 - root.CollectorApp.fb_query - do_id_query - INFO - doing field feed
2014-01-05 11:54:01,238 - root.__main__ - main - ERROR - Failure for id query Name: Antony Oyugi , url: oyugit, row 22
2014-01-05 11:54:01,238 - root.__main__ - main - INFO - Trying post id query for Name: Caroline Mutoko , url: carolinemutoko
2014-01-05 11:54:01,239 - root.CollectorApp.fb_query - do_id_query - INFO - doing field feed
2014-01-05 11:54:02,522 - root.CollectorApp.fb_query - do_id_query - INFO - doing field posts
2014-01-05 11:54:03,733 - root.__main__ - main - INFO - Success for id query Name: Caroline Mutoko , url: carolinemutoko, row 23
2014-01-05 11:54:04,836 - root.CollectorApp.fb_query - do_comments_query - WARNING - no comments for 143849585660096_686233134755069
2014-01-05 11:54:04,837 - root.__main__ - main - INFO - Sucess for comment read for page_name Caroline Mutoko row 23
2014-01-05 11:54:04,838 - root.__main__ - main - INFO - converted to records
2014-01-05 11:54:04,838 - root.__main__ - main - INFO - Success adding records for carolinemutoko
2014-01-05 11:54:04,838 - root.__main__ - main - INFO - Trying post id query for Name: Chamgei FM Radio , url: 150589741636194
2014-01-05 11:54:04,838 - root.CollectorApp.fb_query - do_id_query - INFO - doing field feed
2014-01-05 11:54:09,076 - root.CollectorApp.fb_query - do_id_query - INFO - doing field posts
2014-01-05 11:54:10,278 - root.__main__ - main - ERROR - Failure for id query Name: Chamgei FM Radio , url: 150589741636194, row 24
2014-01-05 11:54:10,280 - root.__main__ - main - INFO - Trying post id query for Name: Citizen TV Kenya , url: 261061365404
2014-01-05 11:54:10,280 - root.CollectorApp.fb_query - do_id_query - INFO - doing field feed
2014-01-05 11:54:12,415 - root.__main__ - main - ERROR - Failure for id query Name: Citizen TV Kenya , url: 261061365404, row 25
2014-01-05 11:54:12,416 - root.__main__ - main - INFO - Trying post id query for Name: Coalition for Reform and Democracy - CORD Railonzo 2013 , url: Railonzo2013
2014-01-05 11:54:12,417 - root.CollectorApp.fb_query - do_id_query - INFO - doing field feed
2014-01-05 11:54:13,351 - root.__main__ - main - ERROR - Failure for id query Name: Coalition for Reform and Democracy - CORD Railonzo 2013 , url: Railonzo2013, row 26
2014-01-05 11:54:13,352 - root.__main__ - main - INFO - Trying post id query for Name: Crazy Kenyan Idlers , url: crazyidlers
2014-01-05 11:54:13,352 - root.CollectorApp.fb_query - do_id_query - INFO - doing field feed
2014-01-05 11:54:14,407 - root.__main__ - main - ERROR - Failure for id query Name: Crazy Kenyan Idlers , url: crazyidlers, row 27
2014-01-05 11:54:14,408 - root.__main__ - main - INFO - Trying post id query for Name: DAILY NATION , url: DailyNation
2014-01-05 11:54:14,409 - root.CollectorApp.fb_query - do_id_query - INFO - doing field feed
2014-01-05 11:54:24,323 - root.CollectorApp.fb_query - do_id_query - INFO - doing field posts
2014-01-05 11:54:33,925 - root.__main__ - main - INFO - Success for id query Name: DAILY NATION , url: DailyNation, row 28
2014-01-05 11:54:34,978 - root.CollectorApp.fb_query - do_comments_query - INFO - Retrieved 24 comments for post 105983259496_10152204917844497
2014-01-05 11:54:36,033 - root.CollectorApp.fb_query - do_comments_query - INFO - Retrieved 11 comments for post 105983259496_10152204872654497
2014-01-05 11:54:36,036 - root.__main__ - main - INFO - Sucess for comment read for page_name DAILY NATION row 28
2014-01-05 11:54:36,039 - root.__main__ - main - INFO - converted to records
2014-01-05 11:54:36,299 - root.__main__ - main - INFO - Success adding records for DailyNation
2014-01-05 11:54:36,299 - root.__main__ - main - INFO - Trying post id query for Name: Daniel Toroitich Arap Moi , url: danieltoroiticharapmoi1
2014-01-05 11:54:36,300 - root.CollectorApp.fb_query - do_id_query - INFO - doing field feed
2014-01-05 11:54:37,275 - root.__main__ - main - ERROR - Failure for id query Name: Daniel Toroitich Arap Moi , url: danieltoroiticharapmoi1, row 29
2014-01-05 11:54:37,276 - root.__main__ - main - INFO - Trying post id query for Name: Exposing Dennis Itumbi's propaganda about the ICC , url: ExposingTheIgnorantYoungManInDennisItumbi
2014-01-05 11:54:37,276 - root.CollectorApp.fb_query - do_id_query - INFO - doing field feed
2014-01-05 11:54:42,238 - root.__main__ - main - ERROR - Failure for id query Name: Exposing Dennis Itumbi's propaganda about the ICC , url: ExposingTheIgnorantYoungManInDennisItumbi, row 30
2014-01-05 11:54:42,239 - root.__main__ - main - INFO - Trying post id query for Name: Friends of Raila 2012 , url: friendsofraila
2014-01-05 11:54:42,240 - root.CollectorApp.fb_query - do_id_query - INFO - doing field feed
2014-01-05 11:54:43,168 - root.__main__ - main - ERROR - Failure for id query Name: Friends of Raila 2012 , url: friendsofraila, row 31
2014-01-05 11:54:43,170 - root.__main__ - main - INFO - Trying post id query for Name: I'm proud to be  Kalenjin, and i'll say it loud , url: kalenjins
2014-01-05 11:54:43,170 - root.CollectorApp.fb_query - do_id_query - INFO - doing field feed
2014-01-05 11:54:44,197 - root.__main__ - main - ERROR - Failure for id query Name: I'm proud to be  Kalenjin, and i'll say it loud , url: kalenjins, row 32
2014-01-05 11:54:44,197 - root.__main__ - main - INFO - Trying post id query for Name: Joshua arap Sang , url: joshua.arapsang
2014-01-05 11:54:44,197 - root.CollectorApp.fb_query - do_id_query - INFO - doing field feed
2014-01-05 11:54:45,148 - root.__main__ - main - ERROR - Failure for id query Name: Joshua arap Sang , url: joshua.arapsang, row 33
2014-01-05 11:54:45,150 - root.__main__ - main - INFO - Trying post id query for Name: K24 TV , url: 187678903140
2014-01-05 11:54:45,150 - root.CollectorApp.fb_query - do_id_query - INFO - doing field feed
2014-01-05 11:54:46,368 - root.__main__ - main - ERROR - Failure for id query Name: K24 TV , url: 187678903140, row 34
2014-01-05 11:54:46,369 - root.__main__ - main - INFO - Trying post id query for Name: Kalenjin Infocentre , url: kalenjin.infocentre
2014-01-05 11:54:46,369 - root.CollectorApp.fb_query - do_id_query - INFO - doing field feed
2014-01-05 11:54:47,287 - root.__main__ - main - ERROR - Failure for id query Name: Kalenjin Infocentre , url: kalenjin.infocentre, row 35
2014-01-05 11:54:47,288 - root.__main__ - main - INFO - Trying post id query for Name: Kalenjin Net , url: KALENJINNET
2014-01-05 11:54:47,289 - root.CollectorApp.fb_query - do_id_query - INFO - doing field feed
2014-01-05 11:54:48,279 - root.__main__ - main - ERROR - Failure for id query Name: Kalenjin Net , url: KALENJINNET, row 36
2014-01-05 11:54:48,280 - root.__main__ - main - INFO - Trying post id query for Name: Kenyan Politics Discussions , url: kenyanpoliticsforum
2014-01-05 11:54:48,280 - root.CollectorApp.fb_query - do_id_query - INFO - doing field feed
2014-01-05 11:54:49,344 - root.__main__ - main - ERROR - Failure for id query Name: Kenyan Politics Discussions , url: kenyanpoliticsforum, row 37
2014-01-05 11:54:49,345 - root.__main__ - main - INFO - Trying post id query for Name: Kenyan University Students for Uhuru Kenyatta , url: KenyanUniversityStudentsForUhuruKenyatta
2014-01-05 11:54:49,345 - root.CollectorApp.fb_query - do_id_query - INFO - doing field feed
2014-01-05 11:54:50,424 - root.__main__ - main - ERROR - Failure for id query Name: Kenyan University Students for Uhuru Kenyatta , url: KenyanUniversityStudentsForUhuruKenyatta, row 38
2014-01-05 11:54:50,425 - root.__main__ - main - INFO - Trying post id query for Name: KenyanList.com , url: 135235171598
2014-01-05 11:54:50,425 - root.CollectorApp.fb_query - do_id_query - INFO - doing field feed
2014-01-05 11:54:51,523 - root.__main__ - main - ERROR - Failure for id query Name: KenyanList.com , url: 135235171598, row 39
2014-01-05 11:54:51,524 - root.__main__ - main - INFO - Trying post id query for Name: Kenyan's against Citizen TV biasness , url: 469911399733997
2014-01-05 11:54:51,524 - root.CollectorApp.fb_query - do_id_query - INFO - doing field feed
2014-01-05 11:54:52,541 - root.__main__ - main - ERROR - Failure for id query Name: Kenyan's against Citizen TV biasness , url: 469911399733997, row 40
2014-01-05 11:54:52,542 - root.__main__ - main - INFO - Trying post id query for Name: Kenyans Agaisnt Uhuruto 2013 , url: KenyansUnitedAgainstUhuruto2013
2014-01-05 11:54:52,542 - root.CollectorApp.fb_query - do_id_query - INFO - doing field feed
2014-01-05 11:54:54,476 - root.__main__ - main - ERROR - Failure for id query Name: Kenyans Agaisnt Uhuruto 2013 , url: KenyansUnitedAgainstUhuruto2013, row 41
2014-01-05 11:54:54,478 - root.__main__ - main - INFO - Trying post id query for Name: Kev Lahm , url: kev.lahm
2014-01-05 11:54:54,478 - root.CollectorApp.fb_query - do_id_query - INFO - doing field feed
2014-01-05 11:54:55,529 - root.__main__ - main - ERROR - Failure for id query Name: Kev Lahm , url: kev.lahm, row 42
2014-01-05 11:54:55,531 - root.__main__ - main - INFO - Trying post id query for Name: Kitwek Fm[ Official Fanpage] , url: kitwekfm
2014-01-05 11:54:55,531 - root.CollectorApp.fb_query - do_id_query - INFO - doing field feed
2014-01-05 11:55:00,462 - root.CollectorApp.fb_query - do_id_query - INFO - doing field posts
2014-01-05 11:55:02,026 - root.__main__ - main - ERROR - Failure for id query Name: Kitwek Fm[ Official Fanpage] , url: kitwekfm, row 43
2014-01-05 11:55:02,028 - root.__main__ - main - INFO - Trying post id query for Name: KTN Kenya , url: KTNKenya
2014-01-05 11:55:02,029 - root.CollectorApp.fb_query - do_id_query - INFO - doing field feed
2014-01-05 11:55:11,475 - root.CollectorApp.fb_query - do_id_query - INFO - doing field posts
2014-01-05 11:55:21,314 - root.__main__ - main - INFO - Success for id query Name: KTN Kenya , url: KTNKenya, row 44
2014-01-05 11:55:22,618 - root.CollectorApp.fb_query - do_comments_query - INFO - Retrieved 54 comments for post 40941045532_10153692228600533
2014-01-05 11:55:23,612 - root.CollectorApp.fb_query - do_comments_query - INFO - Retrieved 12 comments for post 40941045532_10153692245565533
2014-01-05 11:55:24,646 - root.CollectorApp.fb_query - do_comments_query - INFO - Retrieved 14 comments for post 40941045532_10153692227295533
2014-01-05 11:55:25,780 - root.CollectorApp.fb_query - do_comments_query - INFO - Retrieved 22 comments for post 40941045532_10153692192640533
2014-01-05 11:55:26,972 - root.CollectorApp.fb_query - do_comments_query - INFO - Retrieved 21 comments for post 40941045532_10153692262200533
2014-01-05 11:55:28,043 - root.CollectorApp.fb_query - do_comments_query - INFO - Retrieved 69 comments for post 40941045532_10153692212020533
2014-01-05 11:55:28,045 - root.__main__ - main - INFO - Sucess for comment read for page_name KTN Kenya row 44
2014-01-05 11:55:28,047 - root.__main__ - main - INFO - converted to records
2014-01-05 11:55:28,485 - root.__main__ - main - INFO - Success adding records for KTNKenya
2014-01-05 11:55:28,485 - root.__main__ - main - INFO - Trying post id query for Name: Makau W. Mutua , url: 210527812318268
2014-01-05 11:55:28,486 - root.CollectorApp.fb_query - do_id_query - INFO - doing field feed
2014-01-05 11:55:29,537 - root.__main__ - main - ERROR - Failure for id query Name: Makau W. Mutua , url: 210527812318268, row 45
2014-01-05 11:55:29,538 - root.__main__ - main - INFO - Trying post id query for Name: Martha Karua , url: MarthaKarua
2014-01-05 11:55:29,538 - root.CollectorApp.fb_query - do_id_query - INFO - doing field feed
2014-01-05 11:55:30,803 - root.CollectorApp.fb_query - do_id_query - INFO - doing field posts
2014-01-05 11:55:31,759 - root.__main__ - main - ERROR - Failure for id query Name: Martha Karua , url: MarthaKarua, row 46
2014-01-05 11:55:31,761 - root.__main__ - main - INFO - Trying post id query for Name: Mike Magero , url: michael.magero
2014-01-05 11:55:31,761 - root.CollectorApp.fb_query - do_id_query - INFO - doing field feed
2014-01-05 11:55:32,773 - root.__main__ - main - ERROR - Failure for id query Name: Mike Magero , url: michael.magero, row 47
2014-01-05 11:55:32,773 - root.__main__ - main - INFO - Trying post id query for Name: Mike Sonko. , url: 148950081810015
2014-01-05 11:55:32,774 - root.CollectorApp.fb_query - do_id_query - INFO - doing field feed
2014-01-05 11:55:34,846 - root.CollectorApp.fb_query - do_id_query - INFO - doing field posts
2014-01-05 11:55:37,586 - root.__main__ - main - INFO - Success for id query Name: Mike Sonko. , url: 148950081810015, row 48
2014-01-05 11:55:38,611 - root.CollectorApp.fb_query - do_comments_query - WARNING - no comments for 148950081810015_660731590631859
2014-01-05 11:55:39,668 - root.CollectorApp.fb_query - do_comments_query - WARNING - no comments for 148950081810015_660739713964380
2014-01-05 11:55:40,945 - root.CollectorApp.fb_query - do_comments_query - WARNING - no comments for 148950081810015_660725783965773
2014-01-05 11:55:41,988 - root.CollectorApp.fb_query - do_comments_query - WARNING - no comments for 148950081810015_660727703965581
2014-01-05 11:55:43,050 - root.CollectorApp.fb_query - do_comments_query - WARNING - no comments for 148950081810015_660729947298690
2014-01-05 11:55:44,116 - root.CollectorApp.fb_query - do_comments_query - WARNING - no comments for 148950081810015_660736060631412
2014-01-05 11:55:45,099 - root.CollectorApp.fb_query - do_comments_query - WARNING - no comments for 148950081810015_660737017297983
2014-01-05 11:55:46,256 - root.CollectorApp.fb_query - do_comments_query - WARNING - no comments for 148950081810015_660736480631370
2014-01-05 11:55:47,313 - root.CollectorApp.fb_query - do_comments_query - WARNING - no comments for 148950081810015_660735090631509
2014-01-05 11:55:48,376 - root.CollectorApp.fb_query - do_comments_query - WARNING - no comments for 148950081810015_660726740632344
2014-01-05 11:55:49,438 - root.CollectorApp.fb_query - do_comments_query - WARNING - no comments for 148950081810015_660736400631378
2014-01-05 11:55:49,442 - root.__main__ - main - INFO - Sucess for comment read for page_name Mike Sonko. row 48
2014-01-05 11:55:49,442 - root.__main__ - main - INFO - converted to records
2014-01-05 11:55:49,442 - root.__main__ - main - INFO - Success adding records for 148950081810015
2014-01-05 11:55:49,442 - root.__main__ - main - INFO - Trying post id query for Name: Mwalimu Elphas Kipleting Maiyo , url: elphas.kipleting
2014-01-05 11:55:49,442 - root.CollectorApp.fb_query - do_id_query - INFO - doing field feed
2014-01-05 11:55:50,483 - root.CollectorApp.fb_query - do_id_query - INFO - doing field posts
2014-01-05 11:55:51,533 - root.__main__ - main - INFO - Success for id query Name: Mwalimu Elphas Kipleting Maiyo , url: elphas.kipleting, row 49
2014-01-05 11:55:51,535 - root.CollectorApp.fb_query - do_comments_query - INFO - no ids
2014-01-05 11:55:51,535 - root.__main__ - main - INFO - Sucess for comment read for page_name Mwalimu Elphas Kipleting Maiyo row 49
2014-01-05 11:55:51,536 - root.__main__ - main - INFO - converted to records
2014-01-05 11:55:51,536 - root.__main__ - main - INFO - Success adding records for elphas.kipleting
2014-01-05 11:55:51,537 - root.__main__ - main - INFO - Trying post id query for Name: My DNA is TNA , url: MyDNAisTNA
2014-01-05 11:55:51,537 - root.CollectorApp.fb_query - do_id_query - INFO - doing field feed
2014-01-05 11:55:52,579 - root.__main__ - main - ERROR - Failure for id query Name: My DNA is TNA , url: MyDNAisTNA, row 50
2014-01-05 11:55:52,580 - root.__main__ - main - INFO - Trying post id query for Name: NOT Another Kikuyu President Please , url: 255613137906935
2014-01-05 11:55:52,581 - root.CollectorApp.fb_query - do_id_query - INFO - doing field feed
2014-01-05 11:55:53,623 - root.__main__ - main - ERROR - Failure for id query Name: NOT Another Kikuyu President Please , url: 255613137906935, row 51
2014-01-05 11:55:53,625 - root.__main__ - main - INFO - Trying post id query for Name: NTV Kenya , url: NTVKenya
2014-01-05 11:55:53,625 - root.CollectorApp.fb_query - do_id_query - INFO - doing field feed
2014-01-05 11:56:02,445 - root.CollectorApp.fb_query - do_id_query - INFO - doing field posts
2014-01-05 11:56:10,556 - root.__main__ - main - INFO - Success for id query Name: NTV Kenya , url: NTVKenya, row 52
2014-01-05 11:56:11,662 - root.CollectorApp.fb_query - do_comments_query - INFO - Retrieved 3 comments for post 51790559057_10151633476014058
2014-01-05 11:56:12,678 - root.CollectorApp.fb_query - do_comments_query - INFO - Retrieved 17 comments for post 51790559057_10151633491639058
2014-01-05 11:56:13,764 - root.CollectorApp.fb_query - do_comments_query - INFO - Retrieved 10 comments for post 51790559057_10151633463384058
2014-01-05 11:56:14,824 - root.CollectorApp.fb_query - do_comments_query - INFO - Retrieved 30 comments for post 51790559057_10151633451364058
2014-01-05 11:56:14,828 - root.__main__ - main - INFO - Sucess for comment read for page_name NTV Kenya row 52
2014-01-05 11:56:14,832 - root.__main__ - main - INFO - converted to records
2014-01-05 11:56:15,157 - root.__main__ - main - INFO - Success adding records for NTVKenya
2014-01-05 11:56:15,157 - root.__main__ - main - INFO - Trying post id query for Name: Peter Kenneth , url: honpeterkenneth
2014-01-05 11:56:15,158 - root.CollectorApp.fb_query - do_id_query - INFO - doing field feed
2014-01-05 11:56:16,193 - root.__main__ - main - ERROR - Failure for id query Name: Peter Kenneth , url: honpeterkenneth, row 53
2014-01-05 11:56:16,195 - root.__main__ - main - INFO - Trying post id query for Name: Politics Kenyan Style , url: 169043916552736
2014-01-05 11:56:16,195 - root.CollectorApp.fb_query - do_id_query - INFO - doing field feed
2014-01-05 11:56:17,189 - root.__main__ - main - ERROR - Failure for id query Name: Politics Kenyan Style , url: 169043916552736, row 54
2014-01-05 11:56:17,191 - root.__main__ - main - INFO - Trying post id query for Name: R.I.P CORD Alliance , url: 411068815637967?ref=stream
2014-01-05 11:56:17,191 - root.CollectorApp.fb_query - do_id_query - INFO - doing field feed
2014-01-05 11:56:18,177 - root.__main__ - main - ERROR - Failure for id query Name: R.I.P CORD Alliance , url: 411068815637967?ref=stream, row 55
2014-01-05 11:56:18,178 - root.__main__ - main - INFO - Trying post id query for Name: Raila Odinga , url: 301058486666221
2014-01-05 11:56:18,179 - root.CollectorApp.fb_query - do_id_query - INFO - doing field feed
2014-01-05 11:56:19,232 - root.__main__ - main - ERROR - Failure for id query Name: Raila Odinga , url: 301058486666221, row 56
2014-01-05 11:56:19,233 - root.__main__ - main - INFO - Trying post id query for Name: RIP SK Macharia , url: 184931334979430
2014-01-05 11:56:19,234 - root.CollectorApp.fb_query - do_id_query - INFO - doing field feed
2014-01-05 11:56:20,161 - root.__main__ - main - ERROR - Failure for id query Name: RIP SK Macharia , url: 184931334979430, row 57
2014-01-05 11:56:20,161 - root.__main__ - main - INFO - Trying post id query for Name: Robert Alai Onyango (Robert Alai) , url: robertalai
2014-01-05 11:56:20,161 - root.CollectorApp.fb_query - do_id_query - INFO - doing field feed
2014-01-05 11:56:21,381 - root.__main__ - main - ERROR - Failure for id query Name: Robert Alai Onyango (Robert Alai) , url: robertalai, row 58
2014-01-05 11:56:21,383 - root.__main__ - main - INFO - Trying post id query for Name: Shadow Election Kenya. , url: ShadowElectionKenya
2014-01-05 11:56:21,383 - root.CollectorApp.fb_query - do_id_query - INFO - doing field feed
2014-01-05 11:56:22,495 - root.__main__ - main - ERROR - Failure for id query Name: Shadow Election Kenya. , url: ShadowElectionKenya, row 59
2014-01-05 11:56:22,497 - root.__main__ - main - INFO - Trying post id query for Name: STOP RAILA ODINGA NOW!!!!! , url: 202020968833
2014-01-05 11:56:22,497 - root.CollectorApp.fb_query - do_id_query - INFO - doing field feed
2014-01-05 11:56:23,408 - root.CollectorApp.fb_query - do_id_query - INFO - doing field posts
2014-01-05 11:56:24,385 - root.__main__ - main - INFO - Success for id query Name: STOP RAILA ODINGA NOW!!!!! , url: 202020968833, row 60
2014-01-05 11:56:24,386 - root.CollectorApp.fb_query - do_comments_query - INFO - no ids
2014-01-05 11:56:24,386 - root.__main__ - main - INFO - Sucess for comment read for page_name STOP RAILA ODINGA NOW!!!!! row 60
2014-01-05 11:56:24,386 - root.__main__ - main - INFO - converted to records
2014-01-05 11:56:24,387 - root.__main__ - main - INFO - Success adding records for 202020968833
2014-01-05 11:56:24,387 - root.__main__ - main - INFO - Trying post id query for Name: Suleiman Shahbal for Governor 2012 , url: SuleimanShahbalforMombasaGovernor
2014-01-05 11:56:24,387 - root.CollectorApp.fb_query - do_id_query - INFO - doing field feed
2014-01-05 11:56:25,355 - root.__main__ - main - ERROR - Failure for id query Name: Suleiman Shahbal for Governor 2012 , url: SuleimanShahbalforMombasaGovernor, row 61
2014-01-05 11:56:25,356 - root.__main__ - main - INFO - Trying post id query for Name: SWAHILI HUB , url: 178748538891851
2014-01-05 11:56:25,357 - root.CollectorApp.fb_query - do_id_query - INFO - doing field feed
2014-01-05 11:56:26,285 - root.__main__ - main - ERROR - Failure for id query Name: SWAHILI HUB , url: 178748538891851, row 62
2014-01-05 11:56:26,287 - root.__main__ - main - INFO - Trying post id query for Name: Swing Vote 2013 , url: SwingVote2013
2014-01-05 11:56:26,287 - root.CollectorApp.fb_query - do_id_query - INFO - doing field feed
2014-01-05 11:56:27,237 - root.__main__ - main - ERROR - Failure for id query Name: Swing Vote 2013 , url: SwingVote2013, row 63
2014-01-05 11:56:27,239 - root.__main__ - main - INFO - Trying post id query for Name: Television Viewers and Radio Listeners Association of Kenya , url: 103088839785488
2014-01-05 11:56:27,239 - root.CollectorApp.fb_query - do_id_query - INFO - doing field feed
2014-01-05 11:56:29,958 - root.CollectorApp.fb_query - do_id_query - INFO - doing field posts
2014-01-05 11:56:32,367 - root.__main__ - main - INFO - Success for id query Name: Television Viewers and Radio Listeners Association of Kenya , url: 103088839785488, row 64
2014-01-05 11:56:34,233 - root.CollectorApp.fb_query - do_comments_query - INFO - Retrieved 25 comments for post 103088839785488_568885939872440
2014-01-05 11:56:34,236 - root.__main__ - main - INFO - Sucess for comment read for page_name Television Viewers and Radio Listeners Association of Kenya row 64
2014-01-05 11:56:34,237 - root.__main__ - main - INFO - converted to records
2014-01-05 11:56:34,464 - root.__main__ - main - INFO - Success adding records for 103088839785488
2014-01-05 11:56:34,465 - root.__main__ - main - INFO - Trying post id query for Name: The Kenyan Daily POST , url: 271776752878863
2014-01-05 11:56:34,465 - root.CollectorApp.fb_query - do_id_query - INFO - doing field feed
2014-01-05 11:56:35,558 - root.__main__ - main - ERROR - Failure for id query Name: The Kenyan Daily POST , url: 271776752878863, row 65
2014-01-05 11:56:35,560 - root.__main__ - main - INFO - Trying post id query for Name: The National Alliance Party , url: The.National.Alliance.Party
2014-01-05 11:56:35,560 - root.CollectorApp.fb_query - do_id_query - INFO - doing field feed
2014-01-05 11:56:36,577 - root.__main__ - main - ERROR - Failure for id query Name: The National Alliance Party , url: The.National.Alliance.Party, row 66
2014-01-05 11:56:36,577 - root.__main__ - main - INFO - Trying post id query for Name: The Standard Media Group , url: standardmedia
2014-01-05 11:56:36,578 - root.CollectorApp.fb_query - do_id_query - INFO - doing field feed
2014-01-05 11:56:37,679 - root.CollectorApp.fb_query - do_id_query - INFO - doing field posts
2014-01-05 11:56:38,733 - root.__main__ - main - ERROR - Failure for id query Name: The Standard Media Group , url: standardmedia, row 67
2014-01-05 11:56:38,735 - root.__main__ - main - INFO - Trying post id query for Name: The Star, Kenya , url: thestarkenya
2014-01-05 11:56:38,736 - root.CollectorApp.fb_query - do_id_query - INFO - doing field feed
2014-01-05 11:56:41,054 - root.__main__ - main - ERROR - Failure for id query Name: The Star, Kenya , url: thestarkenya, row 68
2014-01-05 11:56:41,055 - root.__main__ - main - INFO - Trying post id query for Name: Uhuru Kenyatta , url: myuhurukenyatta
2014-01-05 11:56:41,055 - root.CollectorApp.fb_query - do_id_query - INFO - doing field feed
2014-01-05 11:56:43,360 - root.CollectorApp.fb_query - do_id_query - INFO - doing field posts
2014-01-05 11:56:44,506 - root.__main__ - main - ERROR - Failure for id query Name: Uhuru Kenyatta , url: myuhurukenyatta, row 69
2014-01-05 11:56:44,508 - root.__main__ - main - INFO - Trying post id query for Name: Uhuruto , url: 375462532528566
2014-01-05 11:56:44,508 - root.CollectorApp.fb_query - do_id_query - INFO - doing field feed
2014-01-05 11:56:45,546 - root.__main__ - main - ERROR - Failure for id query Name: Uhuruto , url: 375462532528566, row 70
2014-01-05 11:56:45,547 - root.__main__ - main - INFO - Trying post id query for Name: UhuRuto 2013 , url: 511463618874978
2014-01-05 11:56:45,548 - root.CollectorApp.fb_query - do_id_query - INFO - doing field feed
2014-01-05 11:56:46,601 - root.__main__ - main - ERROR - Failure for id query Name: UhuRuto 2013 , url: 511463618874978, row 71
2014-01-05 11:56:46,602 - root.__main__ - main - INFO - Trying post id query for Name: Uongozi Kenya , url: UongoziKenya
2014-01-05 11:56:46,603 - root.CollectorApp.fb_query - do_id_query - INFO - doing field feed
2014-01-05 11:56:47,646 - root.__main__ - main - ERROR - Failure for id query Name: Uongozi Kenya , url: UongoziKenya, row 72
2014-01-05 11:56:47,646 - root.__main__ - main - INFO - Trying post id query for Name: William Ruto Samoei , url: williamsamoei/
2014-01-05 11:56:47,646 - root.CollectorApp.fb_query - do_id_query - INFO - doing field feed
2014-01-05 11:56:48,978 - root.__main__ - main - ERROR - Failure for id query Name: William Ruto Samoei , url: williamsamoei/, row 73
2014-01-05 11:56:48,980 - root.__main__ - main - INFO - ENDING: Collection range from: 2014-01-05 10:53:13 to: 2014-01-05 11:53:13
2014-01-05 11:56:48,985 - root.__main__ - main - INFO - STARTING: Collection range from: 2014-01-05 09:53:13 to: 2014-01-05 10:53:13
2014-01-05 11:56:48,990 - root.__main__ - main - INFO - Trying post id query for Name: jeff koinange , url: jeff.m.koinange
2014-01-05 11:56:48,990 - root.CollectorApp.fb_query - do_id_query - INFO - doing field feed
2014-01-05 11:56:50,013 - root.__main__ - main - ERROR - Failure for id query Name: jeff koinange , url: jeff.m.koinange, row 0
2014-01-05 11:56:50,013 - root.__main__ - main - INFO - Trying post id query for Name: The standard media group , url: standardkenya
2014-01-05 11:56:50,013 - root.CollectorApp.fb_query - do_id_query - INFO - doing field feed
2014-01-05 11:56:57,185 - root.CollectorApp.fb_query - do_id_query - INFO - doing field posts
2014-01-05 11:57:05,232 - root.__main__ - main - INFO - Success for id query Name: The standard media group , url: standardkenya, row 1
2014-01-05 11:57:06,334 - root.CollectorApp.fb_query - do_comments_query - INFO - Retrieved 6 comments for post 88201339429_10152140575774430
2014-01-05 11:57:07,422 - root.CollectorApp.fb_query - do_comments_query - INFO - Retrieved 2 comments for post 88201339429_10152140516669430
2014-01-05 11:57:08,553 - root.CollectorApp.fb_query - do_comments_query - INFO - Retrieved 6 comments for post 88201339429_10152140528449430
2014-01-05 11:57:09,649 - root.CollectorApp.fb_query - do_comments_query - INFO - Retrieved 4 comments for post 88201339429_10152140589004430
2014-01-05 11:57:10,781 - root.CollectorApp.fb_query - do_comments_query - INFO - Retrieved 25 comments for post 88201339429_10152140558289430
2014-01-05 11:57:10,784 - root.__main__ - main - INFO - Sucess for comment read for page_name The standard media group row 1
2014-01-05 11:57:10,787 - root.__main__ - main - INFO - converted to records
2014-01-05 11:57:11,099 - root.__main__ - main - INFO - Success adding records for standardkenya
2014-01-05 11:57:11,099 - root.__main__ - main - INFO - Trying post id query for Name: The wazi campaign , url: TheWaziCampaign
2014-01-05 11:57:11,100 - root.CollectorApp.fb_query - do_id_query - INFO - doing field feed
2014-01-05 11:57:12,155 - root.__main__ - main - ERROR - Failure for id query Name: The wazi campaign , url: TheWaziCampaign, row 2
2014-01-05 11:57:12,157 - root.__main__ - main - INFO - Trying post id query for Name: concil of governors  , url: CouncilofGovernors
2014-01-05 11:57:12,157 - root.CollectorApp.fb_query - do_id_query - INFO - doing field feed
2014-01-05 11:57:13,182 - root.__main__ - main - ERROR - Failure for id query Name: concil of governors  , url: CouncilofGovernors, row 3
2014-01-05 11:57:13,182 - root.__main__ - main - INFO - Trying post id query for Name: Icc must leave uhuru kenyatta and william ruto alone , url: 356377367804085
2014-01-05 11:57:13,182 - root.CollectorApp.fb_query - do_id_query - INFO - doing field feed
2014-01-05 11:57:15,172 - root.__main__ - main - ERROR - Failure for id query Name: Icc must leave uhuru kenyatta and william ruto alone , url: 356377367804085, row 4
2014-01-05 11:57:15,173 - root.__main__ - main - INFO - Trying post id query for Name: Icc trial monitor , url: 430439110325598
2014-01-05 11:57:15,174 - root.CollectorApp.fb_query - do_id_query - INFO - doing field feed
2014-01-05 11:57:16,218 - root.__main__ - main - ERROR - Failure for id query Name: Icc trial monitor , url: 430439110325598, row 5
2014-01-05 11:57:16,219 - root.__main__ - main - INFO - Trying post id query for Name: Bunyore Discussion Board , url: bunyore.board
2014-01-05 11:57:16,219 - root.CollectorApp.fb_query - do_id_query - INFO - doing field feed
2014-01-05 11:57:17,542 - root.__main__ - main - ERROR - Failure for id query Name: Bunyore Discussion Board , url: bunyore.board, row 6
2014-01-05 11:57:17,544 - root.__main__ - main - INFO - Trying post id query for Name: kenya county updates and Developments , url: 466239656780047
2014-01-05 11:57:17,544 - root.CollectorApp.fb_query - do_id_query - INFO - doing field feed
2014-01-05 11:57:18,604 - root.__main__ - main - ERROR - Failure for id query Name: kenya county updates and Developments , url: 466239656780047, row 7
2014-01-05 11:57:18,605 - root.__main__ - main - INFO - Trying post id query for Name: kiambu county government , url: 369180626526897
2014-01-05 11:57:18,606 - root.CollectorApp.fb_query - do_id_query - INFO - doing field feed
2014-01-05 11:57:19,641 - root.__main__ - main - ERROR - Failure for id query Name: kiambu county government , url: 369180626526897, row 8
2014-01-05 11:57:19,643 - root.__main__ - main - INFO - Trying post id query for Name: Bensouda drop uhuru/ruto cases they are fabricated , url: BensoudaDropUhururutoIccCasesTheyAreFabricated
2014-01-05 11:57:19,643 - root.CollectorApp.fb_query - do_id_query - INFO - doing field feed
2014-01-05 11:57:20,723 - root.__main__ - main - ERROR - Failure for id query Name: Bensouda drop uhuru/ruto cases they are fabricated , url: BensoudaDropUhururutoIccCasesTheyAreFabricated, row 9
2014-01-05 11:57:20,725 - root.__main__ - main - INFO - Trying post id query for Name: citizen news , url: 195670785802
2014-01-05 11:57:20,725 - root.CollectorApp.fb_query - do_id_query - INFO - doing field feed
2014-01-05 11:57:23,477 - root.__main__ - main - ERROR - Failure for id query Name: citizen news , url: 195670785802, row 10
2014-01-05 11:57:23,479 - root.__main__ - main - INFO - Trying post id query for Name: k24 tv , url: K24TVNews
2014-01-05 11:57:23,479 - root.CollectorApp.fb_query - do_id_query - INFO - doing field feed
2014-01-05 11:57:25,000 - root.CollectorApp.fb_query - do_id_query - INFO - doing field posts
2014-01-05 11:57:28,152 - root.__main__ - main - INFO - Success for id query Name: k24 tv , url: K24TVNews, row 11
2014-01-05 11:57:29,238 - root.CollectorApp.fb_query - do_comments_query - WARNING - no comments for 187678903140_10151962364953141
2014-01-05 11:57:30,306 - root.CollectorApp.fb_query - do_comments_query - INFO - Retrieved 1 comments for post 187678903140_10151962405843141
2014-01-05 11:57:30,309 - root.__main__ - main - INFO - Sucess for comment read for page_name k24 tv row 11
2014-01-05 11:57:30,310 - root.__main__ - main - INFO - converted to records
2014-01-05 11:57:30,311 - root.__main__ - main - INFO - Success adding records for K24TVNews
2014-01-05 11:57:30,311 - root.__main__ - main - INFO - Trying post id query for Name: luhyas against being bought by the kenyatta money , url: 487760644613563
2014-01-05 11:57:30,311 - root.CollectorApp.fb_query - do_id_query - INFO - doing field feed
2014-01-05 11:57:32,286 - root.CollectorApp.fb_query - do_id_query - INFO - doing field posts
2014-01-05 11:57:33,301 - root.__main__ - main - INFO - Success for id query Name: luhyas against being bought by the kenyatta money , url: 487760644613563, row 12
2014-01-05 11:57:33,302 - root.CollectorApp.fb_query - do_comments_query - INFO - no ids
2014-01-05 11:57:33,302 - root.__main__ - main - INFO - Sucess for comment read for page_name luhyas against being bought by the kenyatta money row 12
2014-01-05 11:57:33,302 - root.__main__ - main - INFO - converted to records
2014-01-05 11:57:33,302 - root.__main__ - main - INFO - Success adding records for 487760644613563
2014-01-05 11:57:33,302 - root.__main__ - main - INFO - Trying post id query for Name: Powerbreakfastshow , url: 117941667695
2014-01-05 11:57:33,302 - root.CollectorApp.fb_query - do_id_query - INFO - doing field feed
2014-01-05 11:57:34,335 - root.__main__ - main - ERROR - Failure for id query Name: Powerbreakfastshow , url: 117941667695, row 13
2014-01-05 11:57:34,336 - root.__main__ - main - INFO - Trying post id query for Name: the east african , url: TheEastAfrican
2014-01-05 11:57:34,336 - root.CollectorApp.fb_query - do_id_query - INFO - doing field feed
2014-01-05 11:57:35,390 - root.__main__ - main - ERROR - Failure for id query Name: the east african , url: TheEastAfrican, row 14
2014-01-05 11:57:35,392 - root.__main__ - main - INFO - Trying post id query for Name: university of nairobi , url: lists/104435146379281
2014-01-05 11:57:35,392 - root.CollectorApp.fb_query - do_id_query - INFO - doing field feed
2014-01-05 11:57:36,409 - root.CollectorApp.fb_query - do_id_query - INFO - doing field posts
2014-01-05 11:57:37,466 - root.__main__ - main - INFO - Success for id query Name: university of nairobi , url: lists/104435146379281, row 15
2014-01-05 11:57:37,467 - root.CollectorApp.fb_query - do_comments_query - INFO - no ids
2014-01-05 11:57:37,467 - root.__main__ - main - INFO - Sucess for comment read for page_name university of nairobi row 15
2014-01-05 11:57:37,467 - root.__main__ - main - INFO - converted to records
2014-01-05 11:57:37,467 - root.__main__ - main - INFO - Success adding records for lists/104435146379281
2014-01-05 11:57:37,467 - root.__main__ - main - INFO - Trying post id query for Name: Bogonko Bosire , url: bogonko.bosire
2014-01-05 11:57:37,467 - root.CollectorApp.fb_query - do_id_query - INFO - doing field feed
2014-01-05 11:57:38,492 - root.__main__ - main - ERROR - Failure for id query Name: Bogonko Bosire , url: bogonko.bosire, row 16
2014-01-05 11:57:38,494 - root.__main__ - main - INFO - Trying post id query for Name: Koigi Wa wamwere  , url: koigi.wawamwere
2014-01-05 11:57:38,494 - root.CollectorApp.fb_query - do_id_query - INFO - doing field feed
2014-01-05 11:57:39,611 - root.__main__ - main - ERROR - Failure for id query Name: Koigi Wa wamwere  , url: koigi.wawamwere, row 17
2014-01-05 11:57:39,612 - root.__main__ - main - INFO - Trying post id query for Name: Okiya Omutata Okoiti , url: Mankokopelli
2014-01-05 11:57:39,613 - root.CollectorApp.fb_query - do_id_query - INFO - doing field feed
2014-01-05 11:57:40,695 - root.__main__ - main - ERROR - Failure for id query Name: Okiya Omutata Okoiti , url: Mankokopelli, row 18
2014-01-05 11:57:40,696 - root.__main__ - main - INFO - Trying post id query for Name: Yvonne Khamati , url: yvonne.khamatikilonzo
2014-01-05 11:57:40,696 - root.CollectorApp.fb_query - do_id_query - INFO - doing field feed
2014-01-05 11:57:41,755 - root.__main__ - main - ERROR - Failure for id query Name: Yvonne Khamati , url: yvonne.khamatikilonzo, row 19
2014-01-05 11:57:41,757 - root.__main__ - main - INFO - Trying post id query for Name: makau mutua , url: 210527812318268
2014-01-05 11:57:41,758 - root.CollectorApp.fb_query - do_id_query - INFO - doing field feed
2014-01-05 11:57:42,840 - root.__main__ - main - ERROR - Failure for id query Name: makau mutua , url: 210527812318268, row 20
2014-01-05 11:57:42,841 - root.__main__ - main - INFO - Trying post id query for Name: 10 million kenyans to support uhuru kenyatta for presidency. , url: kenyans.uhuru
2014-01-05 11:57:42,841 - root.CollectorApp.fb_query - do_id_query - INFO - doing field feed
2014-01-05 11:57:43,895 - root.__main__ - main - ERROR - Failure for id query Name: 10 million kenyans to support uhuru kenyatta for presidency. , url: kenyans.uhuru, row 21
2014-01-05 11:57:43,895 - root.__main__ - main - INFO - Trying post id query for Name: Antony Oyugi , url: oyugit
2014-01-05 11:57:43,896 - root.CollectorApp.fb_query - do_id_query - INFO - doing field feed
2014-01-05 11:57:44,961 - root.__main__ - main - ERROR - Failure for id query Name: Antony Oyugi , url: oyugit, row 22
2014-01-05 11:57:44,961 - root.__main__ - main - INFO - Trying post id query for Name: Caroline Mutoko , url: carolinemutoko
2014-01-05 11:57:44,962 - root.CollectorApp.fb_query - do_id_query - INFO - doing field feed
2014-01-05 11:57:46,238 - root.CollectorApp.fb_query - do_id_query - INFO - doing field posts
2014-01-05 11:57:47,601 - root.__main__ - main - INFO - Success for id query Name: Caroline Mutoko , url: carolinemutoko, row 23
2014-01-05 11:57:48,759 - root.CollectorApp.fb_query - do_comments_query - WARNING - no comments for 143849585660096_686233134755069
2014-01-05 11:57:48,762 - root.__main__ - main - INFO - Sucess for comment read for page_name Caroline Mutoko row 23
2014-01-05 11:57:48,763 - root.__main__ - main - INFO - converted to records
2014-01-05 11:57:48,764 - root.__main__ - main - INFO - Success adding records for carolinemutoko
2014-01-05 11:57:48,764 - root.__main__ - main - INFO - Trying post id query for Name: Chamgei FM Radio , url: 150589741636194
2014-01-05 11:57:48,765 - root.CollectorApp.fb_query - do_id_query - INFO - doing field feed
2014-01-05 11:57:53,294 - root.CollectorApp.fb_query - do_id_query - INFO - doing field posts
2014-01-05 11:57:54,562 - root.__main__ - main - ERROR - Failure for id query Name: Chamgei FM Radio , url: 150589741636194, row 24
2014-01-05 11:57:54,564 - root.__main__ - main - INFO - Trying post id query for Name: Citizen TV Kenya , url: 261061365404
2014-01-05 11:57:54,564 - root.CollectorApp.fb_query - do_id_query - INFO - doing field feed
2014-01-05 11:57:56,710 - root.__main__ - main - ERROR - Failure for id query Name: Citizen TV Kenya , url: 261061365404, row 25
2014-01-05 11:57:56,711 - root.__main__ - main - INFO - Trying post id query for Name: Coalition for Reform and Democracy - CORD Railonzo 2013 , url: Railonzo2013
2014-01-05 11:57:56,711 - root.CollectorApp.fb_query - do_id_query - INFO - doing field feed
2014-01-05 11:57:57,865 - root.__main__ - main - ERROR - Failure for id query Name: Coalition for Reform and Democracy - CORD Railonzo 2013 , url: Railonzo2013, row 26
2014-01-05 11:57:57,866 - root.__main__ - main - INFO - Trying post id query for Name: Crazy Kenyan Idlers , url: crazyidlers
2014-01-05 11:57:57,867 - root.CollectorApp.fb_query - do_id_query - INFO - doing field feed
2014-01-05 11:57:58,924 - root.__main__ - main - ERROR - Failure for id query Name: Crazy Kenyan Idlers , url: crazyidlers, row 27
2014-01-05 11:57:58,925 - root.__main__ - main - INFO - Trying post id query for Name: DAILY NATION , url: DailyNation
2014-01-05 11:57:58,925 - root.CollectorApp.fb_query - do_id_query - INFO - doing field feed
2014-01-05 11:58:07,338 - root.CollectorApp.fb_query - do_id_query - INFO - doing field posts
2014-01-05 11:58:16,050 - root.__main__ - main - INFO - Success for id query Name: DAILY NATION , url: DailyNation, row 28
2014-01-05 11:58:17,177 - root.CollectorApp.fb_query - do_comments_query - INFO - Retrieved 25 comments for post 105983259496_10152204917844497
2014-01-05 11:58:18,314 - root.CollectorApp.fb_query - do_comments_query - INFO - Retrieved 6 comments for post 105983259496_10152204843849497
2014-01-05 11:58:19,497 - root.CollectorApp.fb_query - do_comments_query - INFO - Retrieved 58 comments for post 105983259496_10152204780784497
2014-01-05 11:58:20,629 - root.CollectorApp.fb_query - do_comments_query - INFO - Retrieved 11 comments for post 105983259496_10152204872654497
2014-01-05 11:58:20,630 - root.__main__ - main - INFO - Sucess for comment read for page_name DAILY NATION row 28
2014-01-05 11:58:20,631 - root.__main__ - main - INFO - converted to records
2014-01-05 11:58:20,982 - root.__main__ - main - INFO - Success adding records for DailyNation
2014-01-05 11:58:20,982 - root.__main__ - main - INFO - Trying post id query for Name: Daniel Toroitich Arap Moi , url: danieltoroiticharapmoi1
2014-01-05 11:58:20,983 - root.CollectorApp.fb_query - do_id_query - INFO - doing field feed
2014-01-05 11:58:23,039 - root.__main__ - main - ERROR - Failure for id query Name: Daniel Toroitich Arap Moi , url: danieltoroiticharapmoi1, row 29
2014-01-05 11:58:23,041 - root.__main__ - main - INFO - Trying post id query for Name: Exposing Dennis Itumbi's propaganda about the ICC , url: ExposingTheIgnorantYoungManInDennisItumbi
2014-01-05 11:58:23,041 - root.CollectorApp.fb_query - do_id_query - INFO - doing field feed
2014-01-05 11:58:24,114 - root.__main__ - main - ERROR - Failure for id query Name: Exposing Dennis Itumbi's propaganda about the ICC , url: ExposingTheIgnorantYoungManInDennisItumbi, row 30
2014-01-05 11:58:24,116 - root.__main__ - main - INFO - Trying post id query for Name: Friends of Raila 2012 , url: friendsofraila
2014-01-05 11:58:24,116 - root.CollectorApp.fb_query - do_id_query - INFO - doing field feed
2014-01-05 11:58:25,443 - root.__main__ - main - ERROR - Failure for id query Name: Friends of Raila 2012 , url: friendsofraila, row 31
2014-01-05 11:58:25,445 - root.__main__ - main - INFO - Trying post id query for Name: I'm proud to be  Kalenjin, and i'll say it loud , url: kalenjins
2014-01-05 11:58:25,445 - root.CollectorApp.fb_query - do_id_query - INFO - doing field feed
2014-01-05 11:58:26,528 - root.__main__ - main - ERROR - Failure for id query Name: I'm proud to be  Kalenjin, and i'll say it loud , url: kalenjins, row 32
2014-01-05 11:58:26,529 - root.__main__ - main - INFO - Trying post id query for Name: Joshua arap Sang , url: joshua.arapsang
2014-01-05 11:58:26,529 - root.CollectorApp.fb_query - do_id_query - INFO - doing field feed
2014-01-05 11:58:27,570 - root.__main__ - main - ERROR - Failure for id query Name: Joshua arap Sang , url: joshua.arapsang, row 33
2014-01-05 11:58:27,571 - root.__main__ - main - INFO - Trying post id query for Name: K24 TV , url: 187678903140
2014-01-05 11:58:27,571 - root.CollectorApp.fb_query - do_id_query - INFO - doing field feed
2014-01-05 11:58:28,995 - root.CollectorApp.fb_query - do_id_query - INFO - doing field posts
2014-01-05 11:58:32,173 - root.__main__ - main - INFO - Success for id query Name: K24 TV , url: 187678903140, row 34
2014-01-05 11:58:33,236 - root.CollectorApp.fb_query - do_comments_query - WARNING - no comments for 187678903140_10151962364953141
2014-01-05 11:58:34,321 - root.CollectorApp.fb_query - do_comments_query - INFO - Retrieved 1 comments for post 187678903140_10151962405843141
2014-01-05 11:58:34,322 - root.__main__ - main - INFO - Sucess for comment read for page_name K24 TV row 34
2014-01-05 11:58:34,322 - root.__main__ - main - INFO - converted to records
2014-01-05 11:58:34,323 - root.__main__ - main - INFO - Success adding records for 187678903140
2014-01-05 11:58:34,323 - root.__main__ - main - INFO - Trying post id query for Name: Kalenjin Infocentre , url: kalenjin.infocentre
2014-01-05 11:58:34,323 - root.CollectorApp.fb_query - do_id_query - INFO - doing field feed
2014-01-05 11:58:35,370 - root.__main__ - main - ERROR - Failure for id query Name: Kalenjin Infocentre , url: kalenjin.infocentre, row 35
2014-01-05 11:58:35,371 - root.__main__ - main - INFO - Trying post id query for Name: Kalenjin Net , url: KALENJINNET
2014-01-05 11:58:35,371 - root.CollectorApp.fb_query - do_id_query - INFO - doing field feed
2014-01-05 11:58:36,401 - root.__main__ - main - ERROR - Failure for id query Name: Kalenjin Net , url: KALENJINNET, row 36
2014-01-05 11:58:36,402 - root.__main__ - main - INFO - Trying post id query for Name: Kenyan Politics Discussions , url: kenyanpoliticsforum
2014-01-05 11:58:36,403 - root.CollectorApp.fb_query - do_id_query - INFO - doing field feed
2014-01-05 11:58:37,440 - root.__main__ - main - ERROR - Failure for id query Name: Kenyan Politics Discussions , url: kenyanpoliticsforum, row 37
2014-01-05 11:58:37,441 - root.__main__ - main - INFO - Trying post id query for Name: Kenyan University Students for Uhuru Kenyatta , url: KenyanUniversityStudentsForUhuruKenyatta
2014-01-05 11:58:37,441 - root.CollectorApp.fb_query - do_id_query - INFO - doing field feed
2014-01-05 11:58:38,527 - root.__main__ - main - ERROR - Failure for id query Name: Kenyan University Students for Uhuru Kenyatta , url: KenyanUniversityStudentsForUhuruKenyatta, row 38
2014-01-05 11:58:38,529 - root.__main__ - main - INFO - Trying post id query for Name: KenyanList.com , url: 135235171598
2014-01-05 11:58:38,529 - root.CollectorApp.fb_query - do_id_query - INFO - doing field feed
2014-01-05 11:58:39,593 - root.__main__ - main - ERROR - Failure for id query Name: KenyanList.com , url: 135235171598, row 39
2014-01-05 11:58:39,593 - root.__main__ - main - INFO - Trying post id query for Name: Kenyan's against Citizen TV biasness , url: 469911399733997
2014-01-05 11:58:39,594 - root.CollectorApp.fb_query - do_id_query - INFO - doing field feed
2014-01-05 11:58:40,784 - root.__main__ - main - ERROR - Failure for id query Name: Kenyan's against Citizen TV biasness , url: 469911399733997, row 40
2014-01-05 11:58:40,785 - root.__main__ - main - INFO - Trying post id query for Name: Kenyans Agaisnt Uhuruto 2013 , url: KenyansUnitedAgainstUhuruto2013
2014-01-05 11:58:40,786 - root.CollectorApp.fb_query - do_id_query - INFO - doing field feed
2014-01-05 11:58:41,910 - root.__main__ - main - ERROR - Failure for id query Name: Kenyans Agaisnt Uhuruto 2013 , url: KenyansUnitedAgainstUhuruto2013, row 41
2014-01-05 11:58:41,912 - root.__main__ - main - INFO - Trying post id query for Name: Kev Lahm , url: kev.lahm
2014-01-05 11:58:41,913 - root.CollectorApp.fb_query - do_id_query - INFO - doing field feed
2014-01-05 11:58:42,943 - root.__main__ - main - ERROR - Failure for id query Name: Kev Lahm , url: kev.lahm, row 42
2014-01-05 11:58:42,945 - root.__main__ - main - INFO - Trying post id query for Name: Kitwek Fm[ Official Fanpage] , url: kitwekfm
2014-01-05 11:58:42,946 - root.CollectorApp.fb_query - do_id_query - INFO - doing field feed
2014-01-05 11:58:47,392 - root.CollectorApp.fb_query - do_id_query - INFO - doing field posts
2014-01-05 11:58:48,863 - root.__main__ - main - INFO - Success for id query Name: Kitwek Fm[ Official Fanpage] , url: kitwekfm, row 43
2014-01-05 11:58:49,932 - root.CollectorApp.fb_query - do_comments_query - WARNING - no comments for 178024288954529_566835266740094
2014-01-05 11:58:51,018 - root.CollectorApp.fb_query - do_comments_query - WARNING - no comments for 178024288954529_566838010073153
2014-01-05 11:58:52,066 - root.CollectorApp.fb_query - do_comments_query - WARNING - no comments for 178024288954529_566855743404713
2014-01-05 11:58:53,117 - root.CollectorApp.fb_query - do_comments_query - WARNING - no comments for 178024288954529_566849533405334
2014-01-05 11:58:54,275 - root.CollectorApp.fb_query - do_comments_query - WARNING - no comments for 178024288954529_566851883405099
2014-01-05 11:58:55,356 - root.CollectorApp.fb_query - do_comments_query - WARNING - no comments for 178024288954529_566838146739806
2014-01-05 11:58:56,629 - root.CollectorApp.fb_query - do_comments_query - WARNING - no comments for 178024288954529_566842406739380
2014-01-05 11:58:58,472 - root.CollectorApp.fb_query - do_comments_query - WARNING - no comments for 178024288954529_566842253406062
2014-01-05 11:58:59,449 - root.CollectorApp.fb_query - do_comments_query - WARNING - no comments for 178024288954529_566841650072789
2014-01-05 11:59:00,526 - root.CollectorApp.fb_query - do_comments_query - WARNING - no comments for 178024288954529_566837376739883
2014-01-05 11:59:01,547 - root.CollectorApp.fb_query - do_comments_query - WARNING - no comments for 178024288954529_566858100071144
2014-01-05 11:59:02,610 - root.CollectorApp.fb_query - do_comments_query - WARNING - no comments for 178024288954529_566839983406289
2014-01-05 11:59:03,565 - root.CollectorApp.fb_query - do_comments_query - WARNING - no comments for 178024288954529_566839613406326
