WARNING:root:Failure for Name: Kalenjin Net , url: http://www.facebook.com/KALENJINNET, row 0
Error for Kalenjin Net, row 0
success for RIFT VALLEY FOR RAILA 2012 AND BEYOND, row 1
Error for William Ruto Samoei, row 2WARNING:root:Failure for Name: William Ruto Samoei , url: http://www.facebook.com/williamsamoei/, row 2

success for Chamgei FM Radio, row 3
success for Kalenjin wall, row 4
Error for Joshua arap Sang, row 5WARNING:root:Failure for Name: Joshua arap Sang , url: http://www.facebook.com/joshua.arapsang, row 5

success for Kitwek Fm[ Official Fanpage], row 6
success for RIFT VALLEY POLITICS (HAVE YOUR SAY), row 7
success for Daniel Toroitich Arap Moi, row 8
Error for Kalenjin Infocentre, row 9WARNING:root:Failure for Name: Kalenjin Infocentre , url: http://www.facebook.com/kalenjin.infocentre, row 9

Error for I'm proud to be  Kalenjin, and i'll say it loud, row 10WARNING:root:Failure for Name: I'm proud to be  Kalenjin, and i'll say it loud , url: http://www.facebook.com/kalenjins, row 10

success for NANDI DESTINY FORUM, row 11
success for KALENJIN YOUTH ALLIANCE (KALYA), row 12
success for Kalenjin Professionals Association(K.P.A), row 13
success for NANDI COUNTY STUDENTS ASSOCIATION (NACSA), row 14
success for SABAOT PEOPLES ONLINE, row 15
Error for Shadow Election Kenya., row 16WARNING:root:Failure for Name: Shadow Election Kenya. , url: https://www.facebook.com/ShadowElectionKenya, row 16

success for KTN Kenya, row 17
success for R.I.P CORD Alliance, row 18
Error for Coalition for Reform and Democracy - CORD Railonzo 2013, row 19WARNING:root:Failure for Name: Coalition for Reform and Democracy - CORD Railonzo 2013 , url: http://www.facebook.com/Railonzo2013?ref=stream, row 19

Error for DAILY NATION, row 20WARNING:root:Failure for Name: DAILY NATION , url: http://www.facebook.com/DailyNation?ref=stream, row 20

success for SWAHILI HUB, row 21
success for K24 TV, row 22
success for Television Viewers and Radio Listeners Association of Kenya, row 23
success for Makau W. Mutua, row 24
Error for Peter Kenneth, row 25WARNING:root:Failure for Name: Peter Kenneth , url: http://www.facebook.com/honpeterkenneth?ref=stream, row 25

success for Mike Sonko., row 26
success for The Kenyan Daily POST, row 27
success for Kenyan's against Citizen TV biasness, row 28
success for KenyanList.com, row 29
success for Raila Odinga, row 30
Error for Kenyan Politics Discussions, row 31WARNING:root:Failure for Name: Kenyan Politics Discussions , url: http://www.facebook.com/kenyanpoliticsforum?ref=stream, row 31

Error for Coalition for Reform and Democracy - CORD Railonzo 2013, row 32WARNING:root:Failure for Name: Coalition for Reform and Democracy - CORD Railonzo 2013 , url: http://www.facebook.com/Railonzo2013, row 32

success for DAILY NATION, row 33
success for KTN Kenya, row 34
Error for The Standard Media Group, row 35WARNING:root:Failure for Name: The Standard Media Group , url: http://www.facebook.com/standardmedia, row 35

success for Citizen TV Kenya, row 36
success for UhuRuto 2013, row 37
Error for Kenyan University Students for Uhuru Kenyatta, row 38WARNING:root:Failure for Name: Kenyan University Students for Uhuru Kenyatta , url: http://www.facebook.com/KenyanUniversityStudentsForUhuruKenyatta, row 38

success for RIP SK Macharia, row 39
success for Bunge La Mwananchi, row 40
success for Mwalimu Elphas Kipleting Maiyo, row 41
Error for Kev Lahm, row 42WARNING:root:Failure for Name: Kev Lahm , url: http://www.facebook.com/kev.lahm, row 42

success for Mike Magero, row 43
Error for Antony Oyugi, row 44WARNING:root:Failure for Name: Antony Oyugi , url: http://www.facebook.com/oyugit, row 44

success for NTV Kenya, row 45
success for The Kenyan Daily POST, row 46
success for The Star, Kenya, row 47
success for STOP RAILA ODINGA NOW!!!!!, row 48
Error for Robert Alai Onyango (Robert Alai), row 49WARNING:root:Failure for Name: Robert Alai Onyango (Robert Alai) , url: http://www.facebook.com/robertalai, row 49

Error for Crazy Kenyan Idlers, row 50WARNING:root:Failure for Name: Crazy Kenyan Idlers , url: http://www.facebook.com/crazyidlers, row 50

Error for Friends of Raila 2012, row 51WARNING:root:Failure for Name: Friends of Raila 2012 , url: http://www.facebook.com/friendsofraila, row 51

success for Exposing Dennis Itumbi's propaganda about the ICC, row 52
Error for 10 million kenyans to support uhuru kenyatta for presidency., row 53WARNING:root:Failure for Name: 10 million kenyans to support uhuru kenyatta for presidency. , url: http://www.facebook.com/kenyans.uhuru, row 53

success for Uhuru Kenyatta, row 54
success for Politics Kenyan Style, row 55
success for Caroline Mutoko, row 56
Error for Suleiman Shahbal for Governor 2012, row 57WARNING:root:Failure for Name: Suleiman Shahbal for Governor 2012 , url: http://www.facebook.com/SuleimanShahbalforMombasaGovernor, row 57

success for Kenyans Agaisnt Uhuruto 2013, row 58
success for K24 TV, row 59
success for Uhuruto, row 60
Error for My DNA is TNA, row 61WARNING:root:Failure for Name: My DNA is TNA , url: http://www.facebook.com/MyDNAisTNA, row 61

success for Uongozi Kenya, row 62
Error for Swing Vote 2013, row 63WARNING:root:Failure for Name: Swing Vote 2013 , url: http://www.facebook.com/SwingVote2013, row 63

Error for The Standard Media Group, row 64WARNING:root:Failure for Name: The Standard Media Group , url: http://www.facebook.com/standardmedia, row 64

success for VIJANA NA UHURU, row 65
success for FRIENDS OF UHURU AND TNA(F.O.T.N.A), row 66
success for OPERATION RAILA WINS, row 67
success for RAILA FOR PRESIDENT 2012, row 68
success for Raila Odinga, row 69
success for NOT Another Kikuyu President Please, row 70
success for Martha Karua, row 71
success for Uhuru Kenyatta, row 72
Error for The National Alliance Party, row 73WARNING:root:Failure for Name: The National Alliance Party , url: http://www.facebook.com/The.National.Alliance.Party, row 73

success for Peter Kenneth, row 74
Error for Yvonne Khamati, row 75WARNING:root:Failure for Name: Yvonne Khamati , url: http://www.facebook.com/yvonne.khamatikilonzo?fref=ts, row 75

Error for the east african, row 76WARNING:root:Failure for Name: the east african , url: http://www.facebook.com/TheEastAfrican?fref=ts, row 76

success for Sibanduki Kwa Raila, row 77
Error for Okiya Omutata Okoiti, row 78WARNING:root:Failure for Name: Okiya Omutata Okoiti , url: http://www.facebook.com/Mankokopelli?fref=ts, row 78

Error for Koigi Wa wamwere , row 79WARNING:root:Failure for Name: Koigi Wa wamwere  , url: http://www.facebook.com/koigi.wawamwere?fref=ts, row 79

Error for Bunyore Discussion Board, row 80WARNING:root:Failure for Name: Bunyore Discussion Board , url: http://www.facebook.com/bunyore.board?fref=ts, row 80

success for Powerbreakfastshow, row 81
success for Sibanduki Kwa Raila, row 82
success for luhyas against being bought by the kenyatta money, row 83
success for university of nairobi, row 84
success for bungoma county, row 85
Error for Bogonko Bosire, row 86WARNING:root:Failure for Name: Bogonko Bosire , url: http://www.facebook.com/bogonko.bosire, row 86

Error for Icc trial monitor, row 87WARNING:root:Failure for Name: Icc trial monitor , url: https://www.facebook.com/pages/ICC-Trial-Monitor/430439110325598, row 87

success for Exposing dennis itumbi propaganda on ICC , row 88
success for united counties of kenya, row 89
success for forum for united counties of kenya, row 90
Error for the star kenya, row 91WARNING:root:Failure for Name: the star kenya , url: https://www.facebook.com/thestarkenya?hc_location=stream, row 91

Error for k24 tv, row 92WARNING:root:Failure for Name: k24 tv , url: https://www.facebook.com/K24TVNews?hc_location=stream, row 92

Error for standard media group, row 93WARNING:root:Failure for Name: standard media group , url: https://www.facebook.com/standardkenya?hc_location=stream, row 93

success for Bensouda drop uhuru/ruto cases they are fabricated, row 94
success for stop ICC cases against uhuru ruto, row 95
success for Mombasa County News, row 96
Error for ktn kenya, row 97WARNING:root:Failure for Name: ktn kenya , url: https://www.facebook.com/KTNKenya?hc_location=stream, row 97

Error for citizen news, row 98WARNING:root:Failure for Name: citizen news , url: https://www.facebook.com/pages/Citizen-News/195670785802?hc_location=stream, row 98

success for Icc must leave uhuru kenyatta and william ruto alone, row 99
success for no pulling kenya out of ICC rome city, row 100
success for Jaluo Ng'ama Riek, row 101
Error for kenya county updates and Developments, row 102WARNING:root:Failure for Name: kenya county updates and Developments , url: https://www.facebook.com/pages/Kenya-County-Updates-and-Development/466239656780047, row 102

success for LUO KITGI GI TIMBEGI, row 103
success for kiambu county government, row 104
success for RAILA TOSHA, row 105
success for Kisumu COUNTY , row 106
success for RADIO LAKE VICTORIA FM-KISUMU, row 107
Error for COUNTY 411, row 108WARNING:root:Failure for Name: COUNTY 411 , url: http://www.county411.co.ke/?cat=16, row 108

success for news kenya, row 109
success for ICC kenya monitor, row 110
success for makau mutua, row 111
success for @makaumutua, row 112
Error for kenya today, row 113WARNING:root:Failure for Name: kenya today , url: http://www.kenya-today.com, row 113

success for @KenyaGovernors, row 114
Error for concil of governors , row 115WARNING:root:Failure for Name: concil of governors  , url: https://www.facebook.com/CouncilofGovernors?sk=wall&filter=2&notif_t=wall, row 115

Error for The wazi campaign, row 116WARNING:root:Failure for Name: The wazi campaign , url: https://www.facebook.com/TheWaziCampaign, row 116

success for Council of Geovernors., row 117
Error for The hague trials kenya, row 118WARNING:root:Failure for Name: The hague trials kenya , url: http://thehaguetrials.co.ke/#9, row 118

success for kenya news updates, row 119
success for kenya reporting, row 120
success for kahawa tungu, row 121
success for Uhondo, row 122
Error for jeff koinange, row 123WARNING:root:Failure for Name: jeff koinange , url: https://www.facebook.com/jeff.m.koinange?fref=ts&ref=br_tf, row 123
